10000.0 0.0178347077352
10476.0 0.0147749544458
10974.0 0.0150150203235
11497.0 0.0152829444497
12045.0 0.0147576751415
12618.0 0.0156133027118
13219.0 0.0150464143298
13848.0 0.0140011637919
14508.0 0.0147818851536
15199.0 0.0145005124327
15922.0 0.0126302697929
16681.0 0.0121507139093
17475.0 0.0137763624148
18307.0 0.0120322785146
19179.0 0.0121131689674
20092.0 0.0125032182955
21049.0 0.0110467536287
22051.0 0.0104891429304
23101.0 0.010388515773
24201.0 0.0103949506834
25353.0 0.00977421357393
26560.0 0.0103965524095
27825.0 0.00844442302757
29150.0 0.0100568460026
30538.0 0.0108608555996
31992.0 0.00975234601876
33516.0 0.00926354302417
35111.0 0.00873767370116
36783.0 0.00851605983817
38535.0 0.00825304222495
40370.0 0.00790602529905
42292.0 0.00827333327291
44306.0 0.0084283535447
46415.0 0.0068615640981
48626.0 0.00747692117504
50941.0 0.00685894910551
53366.0 0.00733278071257
55908.0 0.00698183787278
58570.0 0.00625861349689
61359.0 0.00642556996368
64280.0 0.00679969403183
67341.0 0.00633130197066
70548.0 0.00568462325105
73907.0 0.00593290913943
77426.0 0.0062251287004
81113.0 0.00581271815453
84975.0 0.00545104801209
89021.0 0.00512844096244
93260.0 0.00572232147593
97700.0 0.00574012470758
102353.0 0.00452994739049
107226.0 0.00447770233059
112332.0 0.00518605488734
117681.0 0.0050785058335
123284.0 0.00411442444477
129154.0 0.0044880690236
135304.0 0.00422050507538
141747.0 0.00409710982967
148496.0 0.00403783637064
155567.0 0.00404832948518
162975.0 0.00393599058896
170735.0 0.00390832423835
178864.0 0.00368062790727
187381.0 0.00378313659228
196304.0 0.00354058936259
205651.0 0.00369473740603
215443.0 0.00315141287122
225701.0 0.00341043840517
236448.0 0.00333544895741
247707.0 0.00353935383022
259502.0 0.00252522700151
271858.0 0.00301368581771
284803.0 0.00298037211904
298364.0 0.00277479199289
312571.0 0.00251711093053
327454.0 0.00268995132945
343046.0 0.00291396808861
359381.0 0.0026557128159
376493.0 0.00254129348035
394420.0 0.00228749565702
413201.0 0.00284970422074
432876.0 0.00230963185003
453487.0 0.0023331593788
475081.0 0.00228386433485
497702.0 0.00243809495035
521400.0 0.00224810245437
546227.0 0.00205279232938
572236.0 0.00192843785129
599484.0 0.00213574493819
628029.0 0.00228669962278
657933.0 0.00188961237961
689261.0 0.00221399381886
722080.0 0.00204298174383
756463.0 0.00187155121278
792482.0 0.0017838556565
830217.0 0.00177966780511
869749.0 0.00167385069749
911162.0 0.00169594042242
954548.0 0.00174662737291
1000000.0 0.00172711213116
